C51 COMPILER V9.60.7.0   MAIN                                                              08/27/2024 14:16:29 PAGE 1   


C51 COMPILER V9.60.7.0, COMPILATION OF MODULE MAIN
OBJECT MODULE PLACED IN .\Objects\main.obj
COMPILER INVOKED BY: C:\Program Files\Keil_v5\C51\BIN\C51.EXE main.c OPTIMIZE(8,SPEED) BROWSE DEBUG OBJECTEXTEND PRINT(.
                    -\Listings\main.lst) TABS(2) OBJECT(.\Objects\main.obj)

line level    source

   1          #include <STC89C5xRC.H>
   2          #include <INTRINS.H>
   3          void Delay500ms(void) //@11.0592MHz
   4          {
   5   1        unsigned char data i, j, k;
   6   1      
   7   1        _nop_();
   8   1        i = 4;
   9   1        j = 129;
  10   1        k = 119;
  11   1        do
  12   1        {
  13   2          do
  14   2          {
  15   3            while (--k);
  16   3          } while (--j);
  17   2        } while (--i);
  18   1      }
  19          
  20          
  21          void main(){
  22   1        while (1)
  23   1        {
  24   2           P00=~P00;
  25   2           Delay500ms();
  26   2        }
  27   1      }


MODULE INFORMATION:   STATIC OVERLAYABLE
   CODE SIZE        =     21    ----
   CONSTANT SIZE    =   ----    ----
   XDATA SIZE       =   ----    ----
   PDATA SIZE       =   ----    ----
   DATA SIZE        =   ----    ----
   IDATA SIZE       =   ----    ----
   BIT SIZE         =   ----    ----
END OF MODULE INFORMATION.


C51 COMPILATION COMPLETE.  0 WARNING(S),  0 ERROR(S)
